Users/mixare_unity/app/build/outputs/logs/manifest-merger-debug-report.txt
-- Merging decision tree log ---
manifest
ADDED from src\main\AndroidManifest.xml:2:1-152:12
INJECTED from src\main\AndroidManifest.xml:2:1-152:12
INJECTED from src\main\AndroidManifest.xml:2:1-152:12
INJECTED from src\main\AndroidManifest.xml:2:1-152:12
MERGED from [com.android.support:multidex:1.0.2] AndroidManifest.xml:17:1-22:12
MERGED from [com.naver.maps.open:naver-map-api:2.1.2] AndroidManifest.xml:2:1-16:12
MERGED from [com.android.support:appcompat-v7:21.0.3] AndroidManifest.xml:14:4-17:12
MERGED from [com.android.support:support-v4:21.0.3] AndroidManifest.xml:14:4-17:12
MERGED from [com.android.support.constraint:constraint-layout:1.1.3] AndroidManifest.xml:2:1-11:12
MERGED from [:VuforiaW] AndroidManifest.xml:2:1-27:12
INJECTED from src\main\AndroidManifest.xml:2:1-152:12
INJECTED from src\main\AndroidManifest.xml:2:1-152:12
INJECTED from src\main\AndroidManifest.xml:2:1-152:12
	package
		ADDED from src\main\AndroidManifest.xml:3:5-25
		INJECTED from src\main\AndroidManifest.xml
		INJECTED from src\main\AndroidManifest.xml
	android:versionName
		ADDED from src\main\AndroidManifest.xml:6:5-32
		INJECTED from src\main\AndroidManifest.xml
		INJECTED from src\main\AndroidManifest.xml
	xmlns:android
		ADDED from src\main\AndroidManifest.xml:2:11-69
	android:versionCode
		ADDED from src\main\AndroidManifest.xml:5:5-29
		INJECTED from src\main\AndroidManifest.xml
		INJECTED from src\main\AndroidManifest.xml
	android:installLocation
		ADDED from src\main\AndroidManifest.xml:4:5-35
uses-sdk
ADDED from src\main\AndroidManifest.xml:8:5-10:41
INJECTED from src\main\AndroidManifest.xml:8:5-10:41
INJECTED from src\main\AndroidManifest.xml:8:5-10:41
MERGED from [com.android.support:multidex:1.0.2] AndroidManifest.xml:20:5-43
MERGED from [com.android.support:multidex:1.0.2] AndroidManifest.xml:20:5-43
MERGED from [com.naver.maps.open:naver-map-api:2.1.2] AndroidManifest.xml:7:5-9:41
MERGED from [com.naver.maps.open:naver-map-api:2.1.2] AndroidManifest.xml:7:5-9:41
MERGED from [com.android.support:appcompat-v7:21.0.3] AndroidManifest.xml:15:5-42
MERGED from [com.android.support:appcompat-v7:21.0.3] AndroidManifest.xml:15:5-42
MERGED from [com.android.support:support-v4:21.0.3] AndroidManifest.xml:15:5-42
MERGED from [com.android.support:support-v4:21.0.3] AndroidManifest.xml:15:5-42
MERGED from [com.android.support.constraint:constraint-layout:1.1.3] AndroidManifest.xml:5:5-7:41
MERGED from [com.android.support.constraint:constraint-layout:1.1.3] AndroidManifest.xml:5:5-7:41
MERGED from [:VuforiaW] AndroidManifest.xml:8:5-10:41
MERGED from [:VuforiaW] AndroidManifest.xml:8:5-10:41
INJECTED from src\main\AndroidManifest.xml:8:5-10:41
INJECTED from src\main\AndroidManifest.xml:8:5-10:41
	android:targetSdkVersion
		ADDED from src\main\AndroidManifest.xml:10:9-38
		INJECTED from src\main\AndroidManifest.xml
		INJECTED from src\main\AndroidManifest.xml
	android:minSdkVersion
		ADDED from src\main\AndroidManifest.xml:9:9-34
		INJECTED from src\main\AndroidManifest.xml
		INJECTED from src\main\AndroidManifest.xml
permission#org.mixare.permission.MAPS_RECEIVE
ADDED from src\main\AndroidManifest.xml:12:5-14:47
	android:protectionLevel
		ADDED from src\main\AndroidManifest.xml:14:9-44
	android:name
		ADDED from src\main\AndroidManifest.xml:13:9-58
uses-permission#org.mixare.permission.MAPS_RECEIVE
ADDED from src\main\AndroidManifest.xml:16:5-74
	android:name
		ADDED from src\main\AndroidManifest.xml:16:22-71
uses-permission#android.permission.ACCESS_NETWORK_STATE
ADDED from src\main\AndroidManifest.xml:17:5-79
MERGED from [:VuforiaW] AndroidManifest.xml:16:5-79
MERGED from [:VuforiaW] AndroidManifest.xml:16:5-79
	android:name
		ADDED from src\main\AndroidManifest.xml:17:22-76
uses-permission#android.permission.ACCESS_FINE_LOCATION
ADDED from src\main\AndroidManifest.xml:18:5-79
	android:name
		ADDED from src\main\AndroidManifest.xml:18:22-76
uses-permission#android.permission.INTERNET
ADDED from src\main\AndroidManifest.xml:19:5-67
MERGED from [:VuforiaW] AndroidManifest.xml:14:5-67
MERGED from [:VuforiaW] AndroidManifest.xml:14:5-67
	android:name
		ADDED from src\main\AndroidManifest.xml:19:22-64
uses-permission#android.permission.CAMERA
ADDED from src\main\AndroidManifest.xml:20:5-65
MERGED from [:VuforiaW] AndroidManifest.xml:15:5-65
MERGED from [:VuforiaW] AndroidManifest.xml:15:5-65
	android:name
		ADDED from src\main\AndroidManifest.xml:20:22-62
uses-permission#android.permission.WAKE_LOCK
ADDED from src\main\AndroidManifest.xml:21:5-68
	android:name
		ADDED from src\main\AndroidManifest.xml:21:22-65
uses-feature#0x00020000
ADDED from src\main\AndroidManifest.xml:23:5-54
	android:glEsVersion
		ADDED from src\main\AndroidManifest.xml:23:19-51
uses-feature#android.hardware.camera
ADDED from src\main\AndroidManifest.xml:27:5-29:36
MERGED from [:VuforiaW] AndroidManifest.xml:12:5-60
MERGED from [:VuforiaW] AndroidManifest.xml:12:5-60
	android:required
		ADDED from src\main\AndroidManifest.xml:29:9-33
		MERGED from src\main\AndroidManifest.xml:29:9-33
	android:name
		ADDED from src\main\AndroidManifest.xml:28:9-47
uses-feature#android.hardware.camera.autofocus
ADDED from src\main\AndroidManifest.xml:30:5-32:36
	android:required
		ADDED from src\main\AndroidManifest.xml:32:9-33
	android:name
		ADDED from src\main\AndroidManifest.xml:31:9-57
uses-feature#android.hardware.camera.front
ADDED from src\main\AndroidManifest.xml:33:5-35:36
	android:required
		ADDED from src\main\AndroidManifest.xml:35:9-33
	android:name
		ADDED from src\main\AndroidManifest.xml:34:9-53
uses-feature#android.hardware.touchscreen
ADDED from src\main\AndroidManifest.xml:36:5-38:36
	android:required
		ADDED from src\main\AndroidManifest.xml:38:9-33
	android:name
		ADDED from src\main\AndroidManifest.xml:37:9-52
uses-feature#android.hardware.touchscreen.multitouch
ADDED from src\main\AndroidManifest.xml:39:5-41:36
	android:required
		ADDED from src\main\AndroidManifest.xml:41:9-33
	android:name
		ADDED from src\main\AndroidManifest.xml:40:9-63
uses-feature#android.hardware.touchscreen.multitouch.distinct
ADDED from src\main\AndroidManifest.xml:42:5-44:36
	android:required
		ADDED from src\main\AndroidManifest.xml:44:9-33
	android:name
		ADDED from src\main\AndroidManifest.xml:43:9-72
uses-permission#android.permission.WRITE_EXTERNAL_STORAGE
ADDED from src\main\AndroidManifest.xml:46:5-81
MERGED from [:VuforiaW] AndroidManifest.xml:17:5-81
MERGED from [:VuforiaW] AndroidManifest.xml:17:5-81
	android:name
		ADDED from src\main\AndroidManifest.xml:46:22-78
uses-permission#android.permission.READ_PHONE_STATE
ADDED from src\main\AndroidManifest.xml:47:5-75
	android:name
		ADDED from src\main\AndroidManifest.xml:47:22-72
uses-permission#android.permission.READ_EXTERNAL_STORAGE
ADDED from src\main\AndroidManifest.xml:48:5-80
	android:name
		ADDED from src\main\AndroidManifest.xml:48:22-77
application
ADDED from src\main\AndroidManifest.xml:50:5-150:19
MERGED from [com.naver.maps.open:naver-map-api:2.1.2] AndroidManifest.xml:11:5-14:19
MERGED from [com.naver.maps.open:naver-map-api:2.1.2] AndroidManifest.xml:11:5-14:19
MERGED from [com.android.support:appcompat-v7:21.0.3] AndroidManifest.xml:16:5-19
MERGED from [com.android.support:appcompat-v7:21.0.3] AndroidManifest.xml:16:5-19
MERGED from [com.android.support:support-v4:21.0.3] AndroidManifest.xml:16:5-19
MERGED from [com.android.support:support-v4:21.0.3] AndroidManifest.xml:16:5-19
MERGED from [com.android.support.constraint:constraint-layout:1.1.3] AndroidManifest.xml:9:5-20
MERGED from [com.android.support.constraint:constraint-layout:1.1.3] AndroidManifest.xml:9:5-20
MERGED from [:VuforiaW] AndroidManifest.xml:19:5-25:19
MERGED from [:VuforiaW] AndroidManifest.xml:19:5-25:19
	android:label
		ADDED from src\main\AndroidManifest.xml:52:9-41
	android:debuggable
		ADDED from [:VuforiaW] AndroidManifest.xml:19:18-44
	android:allowBackup
		ADDED from [com.naver.maps.open:naver-map-api:2.1.2] AndroidManifest.xml:12:9-35
	android:icon
		ADDED from src\main\AndroidManifest.xml:51:9-38
uses-library#com.google.android.maps
ADDED from src\main\AndroidManifest.xml:53:9-64
	android:name
		ADDED from src\main\AndroidManifest.xml:53:23-61
activity#org.mixare.MixView
ADDED from src\main\AndroidManifest.xml:55:9-93:20
	android:screenOrientation
		ADDED from src\main\AndroidManifest.xml:59:13-50
	android:label
		ADDED from src\main\AndroidManifest.xml:57:13-45
	android:launchMode
		ADDED from src\main\AndroidManifest.xml:58:13-43
	android:name
		ADDED from src\main\AndroidManifest.xml:56:13-36
intent-filter#action:name:android.intent.action.MAIN+category:name:android.intent.category.LAUNCHER
ADDED from src\main\AndroidManifest.xml:61:13-65:29
action#android.intent.action.MAIN
ADDED from src\main\AndroidManifest.xml:62:17-69
	android:name
		ADDED from src\main\AndroidManifest.xml:62:25-66
category#android.intent.category.LAUNCHER
ADDED from src\main\AndroidManifest.xml:64:17-77
	android:name
		ADDED from src\main\AndroidManifest.xml:64:27-74
intent-filter#action:name:android.intent.action.VIEW+category:name:android.intent.category.BROWSABLE+category:name:android.intent.category.DEFAULT+data:mimeType:application/mixare-json+data:mimeType:application/mixare-json+data:mimeType:application/mixare-json+data:scheme:content+data:scheme:file+data:scheme:http
ADDED from src\main\AndroidManifest.xml:67:13-82:29
action#android.intent.action.VIEW
ADDED from src\main\AndroidManifest.xml:68:17-69
	android:name
		ADDED from src\main\AndroidManifest.xml:68:25-66
category#android.intent.category.DEFAULT
ADDED from src\main\AndroidManifest.xml:70:17-76
	android:name
		ADDED from src\main\AndroidManifest.xml:70:27-73
category#android.intent.category.BROWSABLE
ADDED from src\main\AndroidManifest.xml:71:17-78
	android:name
		ADDED from src\main\AndroidManifest.xml:71:27-75
data
ADDED from src\main\AndroidManifest.xml:73:17-75:45
	android:scheme
		ADDED from src\main\AndroidManifest.xml:75:21-42
	android:mimeType
		ADDED from src\main\AndroidManifest.xml:74:21-63
intent-filter#action:name:android.intent.action.SEARCH
ADDED from src\main\AndroidManifest.xml:83:13-85:29
action#android.intent.action.SEARCH
ADDED from src\main\AndroidManifest.xml:84:17-71
	android:name
		ADDED from src\main\AndroidManifest.xml:84:25-68
meta-data#android.app.searchable
ADDED from src\main\AndroidManifest.xml:87:13-89:54
	android:resource
		ADDED from src\main\AndroidManifest.xml:89:17-51
	android:name
		ADDED from src\main\AndroidManifest.xml:88:17-54
meta-data#android.app.default_searchable
ADDED from src\main\AndroidManifest.xml:90:13-92:44
	android:value
		ADDED from src\main\AndroidManifest.xml:92:17-41
	android:name
		ADDED from src\main\AndroidManifest.xml:91:17-62
activity#org.mixare.MixListView
ADDED from src\main\AndroidManifest.xml:94:9-105:20
	android:screenOrientation
		ADDED from src\main\AndroidManifest.xml:97:13-50
	android:launchMode
		ADDED from src\main\AndroidManifest.xml:96:13-43
	android:name
		ADDED from src\main\AndroidManifest.xml:95:13-40
activity#org.mixare.MixNaverMap
ADDED from src\main\AndroidManifest.xml:106:9-117:20
	android:screenOrientation
		ADDED from src\main\AndroidManifest.xml:109:13-50
	android:launchMode
		ADDED from src\main\AndroidManifest.xml:108:13-43
	android:name
		ADDED from src\main\AndroidManifest.xml:107:13-40
activity#org.mixare.HttpPostSNS
ADDED from src\main\AndroidManifest.xml:118:9-120:62
	android:screenOrientation
		ADDED from src\main\AndroidManifest.xml:120:13-50
	android:name
		ADDED from src\main\AndroidManifest.xml:119:13-40
activity#org.mixare.UnityPlayerActivity
ADDED from src\main\AndroidManifest.xml:121:9-134:20
	android:screenOrientation
		ADDED from src\main\AndroidManifest.xml:126:13-50
	android:process
		ADDED from src\main\AndroidManifest.xml:125:13-43
	android:launchMode
		ADDED from src\main\AndroidManifest.xml:124:13-44
	android:configChanges
		ADDED from src\main\AndroidManifest.xml:123:13-186
	android:name
		ADDED from src\main\AndroidManifest.xml:122:13-48
intent-filter#category:name:android.intent.category.LAUNCHER+category:name:com.google.intent.category.CARDBOARD
ADDED from src\main\AndroidManifest.xml:127:13-130:29
category#com.google.intent.category.CARDBOARD
ADDED from src\main\AndroidManifest.xml:129:17-81
	android:name
		ADDED from src\main\AndroidManifest.xml:129:27-78
meta-data#unityplayer.UnityActivity
ADDED from src\main\AndroidManifest.xml:131:13-133:40
	android:value
		ADDED from src\main\AndroidManifest.xml:133:17-37
	android:name
		ADDED from src\main\AndroidManifest.xml:132:17-57
meta-data#unity.build-id
ADDED from src\main\AndroidManifest.xml:136:9-138:68
	android:value
		ADDED from src\main\AndroidManifest.xml:138:13-65
	android:name
		ADDED from src\main\AndroidManifest.xml:137:13-42
meta-data#unity.splash-mode
ADDED from src\main\AndroidManifest.xml:139:9-141:33
	android:value
		ADDED from src\main\AndroidManifest.xml:141:13-30
	android:name
		ADDED from src\main\AndroidManifest.xml:140:13-45
meta-data#unity.splash-enable
ADDED from src\main\AndroidManifest.xml:142:9-144:36
	android:value
		ADDED from src\main\AndroidManifest.xml:144:13-33
	android:name
		ADDED from src\main\AndroidManifest.xml:143:13-47
meta-data#android.max_aspect
ADDED from src\main\AndroidManifest.xml:145:9-147:35
	android:value
		ADDED from src\main\AndroidManifest.xml:147:13-32
	android:name
		ADDED from src\main\AndroidManifest.xml:146:13-46
uses-library#com.osterhoutgroup.api.ext
ADDED from [:VuforiaW] AndroidManifest.xml:22:9-24:40
	android:required
		ADDED from [:VuforiaW] AndroidManifest.xml:24:13-37
	android:name
		ADDED from [:VuforiaW] AndroidManifest.xml:23:13-54